<?xml version="1.0" encoding="UTF-8"?>
<testsuite name="com.bridgelabz.MyHashMapTest" tests="1" skipped="0" failures="0" errors="0" timestamp="2021-06-16T19:05:00" hostname="DESKTOP-I19OHT9" time="0.024">
  <properties/>
  <testcase name="givenASentenceWhenWordsAreAddedToListShouldReturnWordFrequency" classname="com.bridgelabz.MyHashMapTest" time="0.024"/>
  <system-out><![CDATA[bridgelabz.MyHashMap@2cbc9b44
]]></system-out>
  <system-err><![CDATA[]]></system-err>
</testsuite>
